Flutter crash report; please file at https://github.com/flutter/flutter/issues.

## command

flutter run --release

## exception

String: Exit code -6 from: /Users/raj/Flutter/flutter_chat/android/gradlew -v:
1

```
#0      runCheckedAsync (package:flutter_tools/src/base/process.dart:242)
<asynchronous suspension>
#1      _initializeGradle (package:flutter_tools/src/android/gradle.dart:171)
<asynchronous suspension>
#2      _ensureGradle (package:flutter_tools/src/android/gradle.dart:153)
<asynchronous suspension>
#3      _readGradleProject (package:flutter_tools/src/android/gradle.dart:87)
<asynchronous suspension>
#4      _gradleProject (package:flutter_tools/src/android/gradle.dart:80)
<asynchronous suspension>
#5      getGradleAppOut (package:flutter_tools/src/android/gradle.dart:74)
<asynchronous suspension>
#6      AndroidApk.fromCurrentDirectory (package:flutter_tools/src/application_package.dart:86)
<asynchronous suspension>
#7      getApplicationPackageForPlatform (package:flutter_tools/src/application_package.dart:265)
<asynchronous suspension>
#8      FlutterDevice.runCold (package:flutter_tools/src/resident_runner.dart:310)
<asynchronous suspension>
#9      ColdRunner.run (package:flutter_tools/src/run_cold.dart:58)
<asynchronous suspension>
#10     RunCommand.runCommand (package:flutter_tools/src/commands/run.dart:342)
<asynchronous suspension>
#11     FlutterCommand.verifyThenRunCommand (package:flutter_tools/src/runner/flutter_command.dart:279)
<asynchronous suspension>
#12     FlutterCommand.run (package:flutter_tools/src/runner/flutter_command.dart:219)
<asynchronous suspension>
#13     CommandRunner.runCommand (package:args/command_runner.dart:194)
<asynchronous suspension>
#14     FlutterCommandRunner.runCommand (package:flutter_tools/src/runner/flutter_command_runner.dart:284)
<asynchronous suspension>
#15     CommandRunner.run.<anonymous closure> (package:args/command_runner.dart:109)
#16     new Future.sync (dart:async/future.dart:222)
#17     CommandRunner.run (package:args/command_runner.dart:109)
#18     FlutterCommandRunner.run (package:flutter_tools/src/runner/flutter_command_runner.dart:166)
#19     run.<anonymous closure> (package:flutter_tools/runner.dart:89)
<asynchronous suspension>
#20     AppContext._run (package:flutter_tools/src/base/context.dart:76)
<asynchronous suspension>
#21     AppContext.runInZone.<anonymous closure> (package:flutter_tools/src/base/context.dart:66)
#22     _rootRun (dart:async/zone.dart:1126)
#23     _CustomZone.run (dart:async/zone.dart:1023)
#24     runZoned (dart:async/zone.dart:1501)
#25     AppContext.runInZone (package:flutter_tools/src/base/context.dart:65)
#26     run (package:flutter_tools/runner.dart:60)
<asynchronous suspension>
#27     main (package:flutter_tools/executable.dart:44)
<asynchronous suspension>
#28     main (file:///Users/raj/medzdigital/flutter/flutter/packages/flutter_tools/bin/flutter_tools.dart:16)
#29     _startIsolate.<anonymous closure> (dart:isolate-patch/dart:isolate/isolate_patch.dart:275)
#30     _RawReceivePortImpl._handleMessage (dart:isolate-patch/dart:isolate/isolate_patch.dart:163)
```

## flutter doctor

```
[✓] Flutter (on Mac OS X 10.13.3 17D47, locale en-IN, channel master)
    • Flutter version 0.0.23-pre.6 at /Users/raj/medzdigital/flutter/flutter
    • Framework revision 06d12a78d7 (30 hours ago), 2018-01-31 00:21:09 -0800
    • Engine revision dbc071aa62
    • Tools Dart version 2.0.0-dev.16.0
    • Engine Dart version 2.0.0-edge.7af4db0ea091dddca6b2da851e6dda8d7f9467e8

[✓] Android toolchain - develop for Android devices (Android SDK 26.0.3)
    • Android SDK at /Users/raj/Library/Android/sdk
    • Android NDK location not configured (optional; useful for native profiling support)
    • Platform android-27, build-tools 26.0.3
    • Java binary at: /Applications/Android Studio.app/Contents/jre/jdk/Contents/Home/bin/java
    • Java version OpenJDK Runtime Environment (build 1.8.0_152-release-915-b08)

[✓] iOS toolchain - develop for iOS devices (Xcode 9.2)
    • Xcode at /Applications/Xcode.app/Contents/Developer
    • Xcode 9.2, Build version 9C40b
    • ios-deploy 1.9.2
    • CocoaPods version 1.3.1

[✓] Android Studio (version 3.0)
    • Android Studio at /Applications/Android Studio.app/Contents
    • Java version OpenJDK Runtime Environment (build 1.8.0_152-release-915-b08)

[✓] IntelliJ IDEA Community Edition (version 2017.3.4)
    • Flutter plugin version 21.2.3
    • Dart plugin version 173.4548.30

[✓] Connected devices
    • Micromax Q350 • 192.168.0.26:5555 • android-arm • Android 6.0 (API 23)

```
